{"@timestamp":"2024-01-10T09:52:12.407+01:00","@version":"1","message":"Starting UserProfilingBackendApplication using Java 17.0.5 with PID 1890 (/Users/lololemono/Documents/UserProfilingBackend/target/classes started by lololemono in /Users/lololemono/Documents/UserProfilingBackend)","logger_name":"com.hai913i.UserProfilingBackendApplication","thread_name":"main","level":"INFO","level_value":20000}
{"@timestamp":"2024-01-10T09:52:12.417+01:00","@version":"1","message":"Running with Spring Boot v3.1.5, Spring v6.0.13","logger_name":"com.hai913i.UserProfilingBackendApplication","thread_name":"main","level":"DEBUG","level_value":10000}
{"@timestamp":"2024-01-10T09:52:12.418+01:00","@version":"1","message":"No active profile set, falling back to 1 default profile: \"default\"","logger_name":"com.hai913i.UserProfilingBackendApplication","thread_name":"main","level":"INFO","level_value":20000}
{"@timestamp":"2024-01-10T09:52:17.927+01:00","@version":"1","message":"Started UserProfilingBackendApplication in 6.043 seconds (process running for 7.642)","logger_name":"com.hai913i.UserProfilingBackendApplication","thread_name":"main","level":"INFO","level_value":20000}
{"@timestamp":"2024-01-10T09:52:48.096+01:00","@version":"1","message":"User 1 connecté","logger_name":"com.hai913i.UserProfilingBackendApplication","thread_name":"main","level":"TRACE","level_value":5000}
{"@timestamp":"2024-01-10T09:52:51.535+01:00","@version":"1","message":"L'utilisateur 1 a cherché le produit 1","logger_name":"com.hai913i.UserProfilingBackendApplication","thread_name":"main","level":"TRACE","level_value":5000}
{"@timestamp":"2024-01-10T09:53:24.900+01:00","@version":"1","message":"Produit avec ID 1 supprimé par l'utilisateur : 1","logger_name":"com.hai913i.UserProfilingBackendApplication","thread_name":"main","level":"TRACE","level_value":5000}
{"@timestamp":"2024-01-10T11:17:41.923+01:00","@version":"1","message":"Starting UserProfilingBackendApplication using Java 17.0.5 with PID 2753 (/Users/lololemono/Documents/UserProfilingBackend/target/classes started by lololemono in /Users/lololemono/Documents/UserProfilingBackend)","logger_name":"com.hai913i.UserProfilingBackendApplication","thread_name":"main","level":"INFO","level_value":20000}
{"@timestamp":"2024-01-10T11:17:41.932+01:00","@version":"1","message":"Running with Spring Boot v3.1.5, Spring v6.0.13","logger_name":"com.hai913i.UserProfilingBackendApplication","thread_name":"main","level":"DEBUG","level_value":10000}
{"@timestamp":"2024-01-10T11:17:41.933+01:00","@version":"1","message":"No active profile set, falling back to 1 default profile: \"default\"","logger_name":"com.hai913i.UserProfilingBackendApplication","thread_name":"main","level":"INFO","level_value":20000}
{"@timestamp":"2024-01-10T11:17:45.810+01:00","@version":"1","message":"Started UserProfilingBackendApplication in 4.28 seconds (process running for 5.541)","logger_name":"com.hai913i.UserProfilingBackendApplication","thread_name":"main","level":"INFO","level_value":20000}
{"@timestamp":"2024-01-10T11:25:32.364+01:00","@version":"1","message":"Starting UserProfilingBackendApplication using Java 17.0.5 with PID 2831 (/Users/lololemono/Documents/UserProfilingBackend/target/classes started by lololemono in /Users/lololemono/Documents/UserProfilingBackend)","logger_name":"com.hai913i.UserProfilingBackendApplication","thread_name":"main","level":"INFO","level_value":20000}
{"@timestamp":"2024-01-10T11:25:32.375+01:00","@version":"1","message":"Running with Spring Boot v3.1.5, Spring v6.0.13","logger_name":"com.hai913i.UserProfilingBackendApplication","thread_name":"main","level":"DEBUG","level_value":10000}
{"@timestamp":"2024-01-10T11:25:32.377+01:00","@version":"1","message":"No active profile set, falling back to 1 default profile: \"default\"","logger_name":"com.hai913i.UserProfilingBackendApplication","thread_name":"main","level":"INFO","level_value":20000}
{"@timestamp":"2024-01-10T11:26:37.027+01:00","@version":"1","message":"Starting UserProfilingBackendApplication using Java 17.0.5 with PID 2838 (/Users/lololemono/Documents/UserProfilingBackend/target/classes started by lololemono in /Users/lololemono/Documents/UserProfilingBackend)","logger_name":"com.hai913i.UserProfilingBackendApplication","thread_name":"main","level":"INFO","level_value":20000}
{"@timestamp":"2024-01-10T11:26:37.035+01:00","@version":"1","message":"Running with Spring Boot v3.1.5, Spring v6.0.13","logger_name":"com.hai913i.UserProfilingBackendApplication","thread_name":"main","level":"DEBUG","level_value":10000}
{"@timestamp":"2024-01-10T11:26:37.036+01:00","@version":"1","message":"No active profile set, falling back to 1 default profile: \"default\"","logger_name":"com.hai913i.UserProfilingBackendApplication","thread_name":"main","level":"INFO","level_value":20000}
{"@timestamp":"2024-01-10T11:27:51.314+01:00","@version":"1","message":"Starting UserProfilingBackendApplication using Java 17.0.5 with PID 2856 (/Users/lololemono/Documents/UserProfilingBackend/target/classes started by lololemono in /Users/lololemono/Documents/UserProfilingBackend)","logger_name":"com.hai913i.UserProfilingBackendApplication","thread_name":"main","level":"INFO","level_value":20000}
{"@timestamp":"2024-01-10T11:27:51.322+01:00","@version":"1","message":"Running with Spring Boot v3.1.5, Spring v6.0.13","logger_name":"com.hai913i.UserProfilingBackendApplication","thread_name":"main","level":"DEBUG","level_value":10000}
{"@timestamp":"2024-01-10T11:27:51.323+01:00","@version":"1","message":"No active profile set, falling back to 1 default profile: \"default\"","logger_name":"com.hai913i.UserProfilingBackendApplication","thread_name":"main","level":"INFO","level_value":20000}
{"@timestamp":"2024-01-10T11:28:09.087+01:00","@version":"1","message":"Starting UserProfilingBackendApplication using Java 17.0.5 with PID 2859 (/Users/lololemono/Documents/UserProfilingBackend/target/classes started by lololemono in /Users/lololemono/Documents/UserProfilingBackend)","logger_name":"com.hai913i.UserProfilingBackendApplication","thread_name":"main","level":"INFO","level_value":20000}
{"@timestamp":"2024-01-10T11:28:09.095+01:00","@version":"1","message":"Running with Spring Boot v3.1.5, Spring v6.0.13","logger_name":"com.hai913i.UserProfilingBackendApplication","thread_name":"main","level":"DEBUG","level_value":10000}
{"@timestamp":"2024-01-10T11:28:09.095+01:00","@version":"1","message":"No active profile set, falling back to 1 default profile: \"default\"","logger_name":"com.hai913i.UserProfilingBackendApplication","thread_name":"main","level":"INFO","level_value":20000}
{"@timestamp":"2024-01-10T11:29:04.889+01:00","@version":"1","message":"Starting UserProfilingBackendApplication using Java 17.0.5 with PID 2894 (/Users/lololemono/Documents/UserProfilingBackend/target/classes started by lololemono in /Users/lololemono/Documents/UserProfilingBackend)","logger_name":"com.hai913i.UserProfilingBackendApplication","thread_name":"main","level":"INFO","level_value":20000}
{"@timestamp":"2024-01-10T11:29:04.896+01:00","@version":"1","message":"Running with Spring Boot v3.1.5, Spring v6.0.13","logger_name":"com.hai913i.UserProfilingBackendApplication","thread_name":"main","level":"DEBUG","level_value":10000}
{"@timestamp":"2024-01-10T11:29:04.897+01:00","@version":"1","message":"No active profile set, falling back to 1 default profile: \"default\"","logger_name":"com.hai913i.UserProfilingBackendApplication","thread_name":"main","level":"INFO","level_value":20000}
{"@timestamp":"2024-01-10T11:29:08.406+01:00","@version":"1","message":"Started UserProfilingBackendApplication in 3.878 seconds (process running for 5.287)","logger_name":"com.hai913i.UserProfilingBackendApplication","thread_name":"main","level":"INFO","level_value":20000}
{"@timestamp":"2024-01-10T11:30:38.060+01:00","@version":"1","message":"Starting UserProfilingBackendApplication using Java 17.0.5 with PID 2917 (/Users/lololemono/Documents/UserProfilingBackend/target/classes started by lololemono in /Users/lololemono/Documents/UserProfilingBackend)","logger_name":"com.hai913i.UserProfilingBackendApplication","thread_name":"main","level":"INFO","level_value":20000}
{"@timestamp":"2024-01-10T11:30:38.067+01:00","@version":"1","message":"Running with Spring Boot v3.1.5, Spring v6.0.13","logger_name":"com.hai913i.UserProfilingBackendApplication","thread_name":"main","level":"DEBUG","level_value":10000}
{"@timestamp":"2024-01-10T11:30:38.068+01:00","@version":"1","message":"No active profile set, falling back to 1 default profile: \"default\"","logger_name":"com.hai913i.UserProfilingBackendApplication","thread_name":"main","level":"INFO","level_value":20000}
{"@timestamp":"2024-01-10T11:30:41.574+01:00","@version":"1","message":"Started UserProfilingBackendApplication in 3.929 seconds (process running for 5.206)","logger_name":"com.hai913i.UserProfilingBackendApplication","thread_name":"main","level":"INFO","level_value":20000}
{"@timestamp":"2024-01-10T11:39:34.525+01:00","@version":"1","message":"Starting UserProfilingBackendApplication using Java 17.0.5 with PID 3013 (/Users/lololemono/Documents/UserProfilingBackend/target/classes started by lololemono in /Users/lololemono/Documents/UserProfilingBackend)","logger_name":"com.hai913i.UserProfilingBackendApplication","thread_name":"main","level":"INFO","level_value":20000}
{"@timestamp":"2024-01-10T11:39:34.533+01:00","@version":"1","message":"Running with Spring Boot v3.1.5, Spring v6.0.13","logger_name":"com.hai913i.UserProfilingBackendApplication","thread_name":"main","level":"DEBUG","level_value":10000}
{"@timestamp":"2024-01-10T11:39:34.535+01:00","@version":"1","message":"No active profile set, falling back to 1 default profile: \"default\"","logger_name":"com.hai913i.UserProfilingBackendApplication","thread_name":"main","level":"INFO","level_value":20000}
{"@timestamp":"2024-01-10T11:39:38.083+01:00","@version":"1","message":"Started UserProfilingBackendApplication in 3.947 seconds (process running for 5.44)","logger_name":"com.hai913i.UserProfilingBackendApplication","thread_name":"main","level":"INFO","level_value":20000}
{"@timestamp":"2024-01-10T11:40:29.466+01:00","@version":"1","message":"Starting UserProfilingBackendApplication using Java 17.0.5 with PID 3016 (/Users/lololemono/Documents/UserProfilingBackend/target/classes started by lololemono in /Users/lololemono/Documents/UserProfilingBackend)","logger_name":"com.hai913i.UserProfilingBackendApplication","thread_name":"main","level":"INFO","level_value":20000}
{"@timestamp":"2024-01-10T11:40:29.473+01:00","@version":"1","message":"Running with Spring Boot v3.1.5, Spring v6.0.13","logger_name":"com.hai913i.UserProfilingBackendApplication","thread_name":"main","level":"DEBUG","level_value":10000}
{"@timestamp":"2024-01-10T11:40:29.474+01:00","@version":"1","message":"No active profile set, falling back to 1 default profile: \"default\"","logger_name":"com.hai913i.UserProfilingBackendApplication","thread_name":"main","level":"INFO","level_value":20000}
{"@timestamp":"2024-01-10T11:40:32.973+01:00","@version":"1","message":"Started UserProfilingBackendApplication in 3.864 seconds (process running for 5.081)","logger_name":"com.hai913i.UserProfilingBackendApplication","thread_name":"main","level":"INFO","level_value":20000}
{"@timestamp":"2024-01-10T11:40:51.285+01:00","@version":"1","message":"Starting UserProfilingBackendApplication using Java 17.0.5 with PID 3017 (/Users/lololemono/Documents/UserProfilingBackend/target/classes started by lololemono in /Users/lololemono/Documents/UserProfilingBackend)","logger_name":"com.hai913i.UserProfilingBackendApplication","thread_name":"main","level":"INFO","level_value":20000}
{"@timestamp":"2024-01-10T11:40:51.292+01:00","@version":"1","message":"Running with Spring Boot v3.1.5, Spring v6.0.13","logger_name":"com.hai913i.UserProfilingBackendApplication","thread_name":"main","level":"DEBUG","level_value":10000}
{"@timestamp":"2024-01-10T11:40:51.293+01:00","@version":"1","message":"No active profile set, falling back to 1 default profile: \"default\"","logger_name":"com.hai913i.UserProfilingBackendApplication","thread_name":"main","level":"INFO","level_value":20000}
{"@timestamp":"2024-01-10T11:41:10.304+01:00","@version":"1","message":"Starting UserProfilingBackendApplication using Java 17.0.5 with PID 3020 (/Users/lololemono/Documents/UserProfilingBackend/target/classes started by lololemono in /Users/lololemono/Documents/UserProfilingBackend)","logger_name":"com.hai913i.UserProfilingBackendApplication","thread_name":"main","level":"INFO","level_value":20000}
{"@timestamp":"2024-01-10T11:41:10.311+01:00","@version":"1","message":"Running with Spring Boot v3.1.5, Spring v6.0.13","logger_name":"com.hai913i.UserProfilingBackendApplication","thread_name":"main","level":"DEBUG","level_value":10000}
{"@timestamp":"2024-01-10T11:41:10.312+01:00","@version":"1","message":"No active profile set, falling back to 1 default profile: \"default\"","logger_name":"com.hai913i.UserProfilingBackendApplication","thread_name":"main","level":"INFO","level_value":20000}
{"@timestamp":"2024-01-10T11:41:21.437+01:00","@version":"1","message":"Starting UserProfilingBackendApplication using Java 17.0.5 with PID 3022 (/Users/lololemono/Documents/UserProfilingBackend/target/classes started by lololemono in /Users/lololemono/Documents/UserProfilingBackend)","logger_name":"com.hai913i.UserProfilingBackendApplication","thread_name":"main","level":"INFO","level_value":20000}
{"@timestamp":"2024-01-10T11:41:21.444+01:00","@version":"1","message":"Running with Spring Boot v3.1.5, Spring v6.0.13","logger_name":"com.hai913i.UserProfilingBackendApplication","thread_name":"main","level":"DEBUG","level_value":10000}
{"@timestamp":"2024-01-10T11:41:21.445+01:00","@version":"1","message":"No active profile set, falling back to 1 default profile: \"default\"","logger_name":"com.hai913i.UserProfilingBackendApplication","thread_name":"main","level":"INFO","level_value":20000}
{"@timestamp":"2024-01-10T11:41:24.933+01:00","@version":"1","message":"Started UserProfilingBackendApplication in 3.844 seconds (process running for 5.116)","logger_name":"com.hai913i.UserProfilingBackendApplication","thread_name":"main","level":"INFO","level_value":20000}
{"@timestamp":"2024-01-10T11:41:39.988+01:00","@version":"1","message":"1:read:1:Recherche de produit","logger_name":"com.hai913i.UserProfilingBackendApplication","thread_name":"main","level":"TRACE","level_value":5000}
{"@timestamp":"2024-01-10T11:41:45.182+01:00","@version":"1","message":"1:write:1:Produit supprimé par l'utilisateur","logger_name":"com.hai913i.UserProfilingBackendApplication","thread_name":"main","level":"TRACE","level_value":5000}
{"@timestamp":"2024-01-10T11:47:22.791+01:00","@version":"1","message":"Starting UserProfilingBackendApplication using Java 17.0.5 with PID 3123 (/Users/lololemono/Documents/UserProfilingBackend/target/classes started by lololemono in /Users/lololemono/Documents/UserProfilingBackend)","logger_name":"com.hai913i.UserProfilingBackendApplication","thread_name":"main","level":"INFO","level_value":20000}
{"@timestamp":"2024-01-10T11:47:22.800+01:00","@version":"1","message":"Running with Spring Boot v3.1.5, Spring v6.0.13","logger_name":"com.hai913i.UserProfilingBackendApplication","thread_name":"main","level":"DEBUG","level_value":10000}
{"@timestamp":"2024-01-10T11:47:22.801+01:00","@version":"1","message":"No active profile set, falling back to 1 default profile: \"default\"","logger_name":"com.hai913i.UserProfilingBackendApplication","thread_name":"main","level":"INFO","level_value":20000}
{"@timestamp":"2024-01-10T11:47:26.343+01:00","@version":"1","message":"Started UserProfilingBackendApplication in 3.899 seconds (process running for 5.097)","logger_name":"com.hai913i.UserProfilingBackendApplication","thread_name":"main","level":"INFO","level_value":20000}
{"@timestamp":"2024-01-10T11:48:17.152+01:00","@version":"1","message":"Starting UserProfilingBackendApplication using Java 17.0.5 with PID 3133 (/Users/lololemono/Documents/UserProfilingBackend/target/classes started by lololemono in /Users/lololemono/Documents/UserProfilingBackend)","logger_name":"com.hai913i.UserProfilingBackendApplication","thread_name":"main","level":"INFO","level_value":20000}
{"@timestamp":"2024-01-10T11:48:17.158+01:00","@version":"1","message":"Running with Spring Boot v3.1.5, Spring v6.0.13","logger_name":"com.hai913i.UserProfilingBackendApplication","thread_name":"main","level":"DEBUG","level_value":10000}
{"@timestamp":"2024-01-10T11:48:17.159+01:00","@version":"1","message":"No active profile set, falling back to 1 default profile: \"default\"","logger_name":"com.hai913i.UserProfilingBackendApplication","thread_name":"main","level":"INFO","level_value":20000}
{"@timestamp":"2024-01-10T11:48:20.645+01:00","@version":"1","message":"Started UserProfilingBackendApplication in 3.839 seconds (process running for 5.043)","logger_name":"com.hai913i.UserProfilingBackendApplication","thread_name":"main","level":"INFO","level_value":20000}
